Build started 16.6.2012 22:46:35.
     1>Project "F:\trol2\trol2\glfw-2.7.5\support\msvc100\GLFW.vcxproj" on node 2 (build target(s)).
     1>PrepareForBuild:
         Creating directory "F:\trol2\trol2\glfw-2.7.5\support\msvc100\Release\".
       InitializeBuildStatus:
         Creating "ReleaseStatic\GLFW.unsuccessfulbuild" because "AlwaysCreate" was specified.
       ClCompile:
         f:\Program Files (x86)\Microsoft Visual Studio 10.0\VC\bin\CL.exe /c /I"F:\trol2\trol2\glfw-2.7.5\support\msvc100\\..\..\lib" /I"F:\trol2\trol2\glfw-2.7.5\support\msvc100\\..\..\lib\win32" /I"F:\trol2\trol2\glfw-2.7.5\support\msvc100\\..\..\lib" /I"F:\trol2\trol2\glfw-2.7.5\support\msvc100\\..\..\lib\win32" /nologo /W3 /WX- /O2 /Oi /Oy- /D WIN32 /D NDEBUG /D _LIB /D _MBCS /Gm- /EHsc /MD /GS /Gy- /fp:precise /Zc:wchar_t /Zc:forScope /Fo"ReleaseStatic\\" /Fd"ReleaseStatic\vc100.pdb" /Gd /TC /analyze- /errorReport:prompt ..\..\lib\enable.c ..\..\lib\fullscreen.c ..\..\lib\glext.c ..\..\lib\image.c ..\..\lib\init.c ..\..\lib\input.c ..\..\lib\joystick.c ..\..\lib\stream.c ..\..\lib\tga.c ..\..\lib\thread.c ..\..\lib\time.c ..\..\lib\win32\win32_dllmain.c ..\..\lib\win32\win32_enable.c ..\..\lib\win32\win32_fullscreen.c ..\..\lib\win32\win32_glext.c ..\..\lib\win32\win32_init.c ..\..\lib\win32\win32_joystick.c ..\..\lib\win32\win32_thread.c ..\..\lib\win32\win32_time.c ..\..\lib\win32\win32_window.c ..\..\lib\window.c
         enable.c
         fullscreen.c
         glext.c
         image.c
         init.c
         input.c
         joystick.c
         stream.c
         tga.c
         thread.c
         time.c
         win32_dllmain.c
         win32_enable.c
         win32_fullscreen.c
         win32_glext.c
         win32_init.c
         win32_joystick.c
         win32_thread.c
         win32_time.c
         win32_window.c
         Generating Code...
         Compiling...
         window.c
         Generating Code...
       Lib:
         f:\Program Files (x86)\Microsoft Visual Studio 10.0\VC\bin\Lib.exe /OUT:"F:\trol2\trol2\glfw-2.7.5\support\msvc100\Release\GLFW.lib" /NOLOGO ReleaseStatic\enable.obj
         ReleaseStatic\fullscreen.obj
         ReleaseStatic\glext.obj
         ReleaseStatic\image.obj
         ReleaseStatic\init.obj
         ReleaseStatic\input.obj
         ReleaseStatic\joystick.obj
         ReleaseStatic\stream.obj
         ReleaseStatic\tga.obj
         ReleaseStatic\thread.obj
         ReleaseStatic\time.obj
         ReleaseStatic\win32_dllmain.obj
         ReleaseStatic\win32_enable.obj
         ReleaseStatic\win32_fullscreen.obj
         ReleaseStatic\win32_glext.obj
         ReleaseStatic\win32_init.obj
         ReleaseStatic\win32_joystick.obj
         ReleaseStatic\win32_thread.obj
         ReleaseStatic\win32_time.obj
         ReleaseStatic\win32_window.obj
         ReleaseStatic\window.obj
         GLFW.vcxproj -> F:\trol2\trol2\glfw-2.7.5\support\msvc100\Release\GLFW.lib
       FinalizeBuildStatus:
         Deleting file "ReleaseStatic\GLFW.unsuccessfulbuild".
         Touching "ReleaseStatic\GLFW.lastbuildstate".
     1>Done Building Project "F:\trol2\trol2\glfw-2.7.5\support\msvc100\GLFW.vcxproj" (build target(s)).

Build succeeded.

Time Elapsed 00:00:03.05
