F:\trol2\trol2\glfw-2.7.5\support\msvc100\Debug\GLFW.ilk
F:\TROL2\TROL2\GLFW-2.7.5\SUPPORT\MSVC100\DEBUG\GLFW.LIB
F:\trol2\trol2\glfw-2.7.5\support\msvc100\Debug\GLFW.pdb
F:\trol2\trol2\glfw-2.7.5\support\msvc100\DebugStatic\cl.command.1.tlog
F:\trol2\trol2\glfw-2.7.5\support\msvc100\DebugStatic\CL.read.1.tlog
F:\trol2\trol2\glfw-2.7.5\support\msvc100\DebugStatic\CL.write.1.tlog
F:\TROL2\TROL2\GLFW-2.7.5\SUPPORT\MSVC100\DEBUGSTATIC\ENABLE.OBJ
F:\TROL2\TROL2\GLFW-2.7.5\SUPPORT\MSVC100\DEBUGSTATIC\FULLSCREEN.OBJ
F:\TROL2\TROL2\GLFW-2.7.5\SUPPORT\MSVC100\DEBUGSTATIC\GLEXT.OBJ
F:\TROL2\TROL2\GLFW-2.7.5\SUPPORT\MSVC100\DEBUGSTATIC\IMAGE.OBJ
F:\TROL2\TROL2\GLFW-2.7.5\SUPPORT\MSVC100\DEBUGSTATIC\INIT.OBJ
F:\TROL2\TROL2\GLFW-2.7.5\SUPPORT\MSVC100\DEBUGSTATIC\INPUT.OBJ
F:\TROL2\TROL2\GLFW-2.7.5\SUPPORT\MSVC100\DEBUGSTATIC\JOYSTICK.OBJ
F:\trol2\trol2\glfw-2.7.5\support\msvc100\DebugStatic\lib.command.1.tlog
F:\trol2\trol2\glfw-2.7.5\support\msvc100\DebugStatic\Lib-link.read.1.tlog
F:\trol2\trol2\glfw-2.7.5\support\msvc100\DebugStatic\Lib-link.write.1.tlog
F:\TROL2\TROL2\GLFW-2.7.5\SUPPORT\MSVC100\DEBUGSTATIC\STREAM.OBJ
F:\TROL2\TROL2\GLFW-2.7.5\SUPPORT\MSVC100\DEBUGSTATIC\TGA.OBJ
F:\TROL2\TROL2\GLFW-2.7.5\SUPPORT\MSVC100\DEBUGSTATIC\THREAD.OBJ
F:\TROL2\TROL2\GLFW-2.7.5\SUPPORT\MSVC100\DEBUGSTATIC\TIME.OBJ
F:\trol2\trol2\glfw-2.7.5\support\msvc100\DebugStatic\vc100.idb
F:\TROL2\TROL2\GLFW-2.7.5\SUPPORT\MSVC100\DEBUGSTATIC\VC100.PDB
F:\TROL2\TROL2\GLFW-2.7.5\SUPPORT\MSVC100\DEBUGSTATIC\WIN32_DLLMAIN.OBJ
F:\TROL2\TROL2\GLFW-2.7.5\SUPPORT\MSVC100\DEBUGSTATIC\WIN32_ENABLE.OBJ
F:\TROL2\TROL2\GLFW-2.7.5\SUPPORT\MSVC100\DEBUGSTATIC\WIN32_FULLSCREEN.OBJ
F:\TROL2\TROL2\GLFW-2.7.5\SUPPORT\MSVC100\DEBUGSTATIC\WIN32_GLEXT.OBJ
F:\TROL2\TROL2\GLFW-2.7.5\SUPPORT\MSVC100\DEBUGSTATIC\WIN32_INIT.OBJ
F:\TROL2\TROL2\GLFW-2.7.5\SUPPORT\MSVC100\DEBUGSTATIC\WIN32_JOYSTICK.OBJ
F:\TROL2\TROL2\GLFW-2.7.5\SUPPORT\MSVC100\DEBUGSTATIC\WIN32_THREAD.OBJ
F:\TROL2\TROL2\GLFW-2.7.5\SUPPORT\MSVC100\DEBUGSTATIC\WIN32_TIME.OBJ
F:\TROL2\TROL2\GLFW-2.7.5\SUPPORT\MSVC100\DEBUGSTATIC\WIN32_WINDOW.OBJ
F:\TROL2\TROL2\GLFW-2.7.5\SUPPORT\MSVC100\DEBUGSTATIC\WINDOW.OBJ
