Build started 16.6.2012 22:46:20.
     1>Project "F:\trol2\trol2\glfw-2.7.5\support\msvc100\GLFW.vcxproj" on node 2 (rebuild target(s)).
     1>_PrepareForClean:
         Deleting file "DebugStatic\GLFW.lastbuildstate".
       InitializeBuildStatus:
         Creating "DebugStatic\GLFW.unsuccessfulbuild" because "AlwaysCreate" was specified.
       ClCompile:
         f:\Program Files (x86)\Microsoft Visual Studio 10.0\VC\bin\CL.exe /c /I"F:\trol2\trol2\glfw-2.7.5\support\msvc100\\..\..\lib" /I"F:\trol2\trol2\glfw-2.7.5\support\msvc100\\..\..\lib\win32" /I"F:\trol2\trol2\glfw-2.7.5\support\msvc100\\..\..\lib" /I"F:\trol2\trol2\glfw-2.7.5\support\msvc100\\..\..\lib\win32" /ZI /nologo /W3 /WX- /Od /Oy- /D WIN32 /D _DEBUG /D _LIB /D _MBCS /Gm /EHsc /RTC1 /MDd /GS /Gy- /fp:precise /Zc:wchar_t /Zc:forScope /Fo"DebugStatic\\" /Fd"DebugStatic\vc100.pdb" /Gd /TC /analyze- /errorReport:prompt ..\..\lib\enable.c ..\..\lib\fullscreen.c ..\..\lib\glext.c ..\..\lib\image.c ..\..\lib\init.c ..\..\lib\input.c ..\..\lib\joystick.c ..\..\lib\stream.c ..\..\lib\tga.c ..\..\lib\thread.c ..\..\lib\time.c ..\..\lib\win32\win32_dllmain.c ..\..\lib\win32\win32_enable.c ..\..\lib\win32\win32_fullscreen.c ..\..\lib\win32\win32_glext.c ..\..\lib\win32\win32_init.c ..\..\lib\win32\win32_joystick.c ..\..\lib\win32\win32_thread.c ..\..\lib\win32\win32_time.c ..\..\lib\win32\win32_window.c ..\..\lib\window.c
         window.c
         win32_window.c
         win32_time.c
         win32_thread.c
         win32_joystick.c
         win32_init.c
         win32_glext.c
         win32_fullscreen.c
         win32_enable.c
         win32_dllmain.c
         time.c
         thread.c
         tga.c
         stream.c
         joystick.c
         input.c
         init.c
         image.c
         glext.c
         fullscreen.c
         Generating Code...
         Compiling...
         enable.c
         Generating Code...
       Lib:
         f:\Program Files (x86)\Microsoft Visual Studio 10.0\VC\bin\Lib.exe /OUT:"F:\trol2\trol2\glfw-2.7.5\support\msvc100\Debug\GLFW.lib" /NOLOGO DebugStatic\enable.obj
         DebugStatic\fullscreen.obj
         DebugStatic\glext.obj
         DebugStatic\image.obj
         DebugStatic\init.obj
         DebugStatic\input.obj
         DebugStatic\joystick.obj
         DebugStatic\stream.obj
         DebugStatic\tga.obj
         DebugStatic\thread.obj
         DebugStatic\time.obj
         DebugStatic\win32_dllmain.obj
         DebugStatic\win32_enable.obj
         DebugStatic\win32_fullscreen.obj
         DebugStatic\win32_glext.obj
         DebugStatic\win32_init.obj
         DebugStatic\win32_joystick.obj
         DebugStatic\win32_thread.obj
         DebugStatic\win32_time.obj
         DebugStatic\win32_window.obj
         DebugStatic\window.obj
         GLFW.vcxproj -> F:\trol2\trol2\glfw-2.7.5\support\msvc100\Debug\GLFW.lib
       FinalizeBuildStatus:
         Deleting file "DebugStatic\GLFW.unsuccessfulbuild".
         Touching "DebugStatic\GLFW.lastbuildstate".
     1>Done Building Project "F:\trol2\trol2\glfw-2.7.5\support\msvc100\GLFW.vcxproj" (rebuild target(s)).

Build succeeded.

Time Elapsed 00:00:03.05
