Build started 16.6.2012 22:44:50.
     1>Project "F:\trol2\trol2\glfw-2.7.5\support\msvc100\GLFWDLL.vcxproj" on node 3 (build target(s)).
     1>PrepareForBuild:
         Creating directory "F:\trol2\trol2\glfw-2.7.5\support\msvc100\Debug\".
       InitializeBuildStatus:
         Creating "DebugDLL\GLFWDLL.unsuccessfulbuild" because "AlwaysCreate" was specified.
       ClCompile:
         f:\Program Files (x86)\Microsoft Visual Studio 10.0\VC\bin\CL.exe /c /I"F:\trol2\trol2\glfw-2.7.5\support\msvc100\\..\..\lib" /I"F:\trol2\trol2\glfw-2.7.5\support\msvc100\\..\..\lib\win32" /ZI /nologo /W3 /WX- /Od /Oy- /D _GLFW_NO_DLOAD_WINMM /D _GLFW_NO_DLOAD_GDI32 /D GLFW_BUILD_DLL /D WIN32 /D _DEBUG /D _WINDOWS /D _USRDLL /D GLFWDLL_EXPORTS /D _WINDLL /D _MBCS /Gm /EHsc /RTC1 /MDd /GS /Gy- /fp:precise /Zc:wchar_t /Zc:forScope /Fo"DebugDLL\\" /Fd"DebugDLL\vc100.pdb" /Gd /TC /analyze- /errorReport:prompt ..\..\lib\enable.c ..\..\lib\fullscreen.c ..\..\lib\glext.c ..\..\lib\image.c ..\..\lib\init.c ..\..\lib\input.c ..\..\lib\joystick.c ..\..\lib\stream.c ..\..\lib\tga.c ..\..\lib\thread.c ..\..\lib\time.c ..\..\lib\win32\win32_dllmain.c ..\..\lib\win32\win32_enable.c ..\..\lib\win32\win32_fullscreen.c ..\..\lib\win32\win32_glext.c ..\..\lib\win32\win32_init.c ..\..\lib\win32\win32_joystick.c ..\..\lib\win32\win32_thread.c ..\..\lib\win32\win32_time.c ..\..\lib\win32\win32_window.c ..\..\lib\window.c
         window.c
         win32_window.c
         win32_time.c
         win32_thread.c
         win32_joystick.c
         win32_init.c
         win32_glext.c
         win32_fullscreen.c
         win32_enable.c
         win32_dllmain.c
         time.c
         thread.c
         tga.c
         stream.c
         joystick.c
         input.c
         init.c
         image.c
         glext.c
         fullscreen.c
         Generating Code...
         Compiling...
         enable.c
         Generating Code...
       ManifestResourceCompile:
         C:\Program Files (x86)\Microsoft SDKs\Windows\v7.0A\bin\rc.exe /nologo /fo"DebugDLL\GLFW.dll.embed.manifest.res" DebugDLL\GLFW_manifest.rc 
       Link:
         f:\Program Files (x86)\Microsoft Visual Studio 10.0\VC\bin\link.exe /ERRORREPORT:PROMPT /OUT:"F:\trol2\trol2\glfw-2.7.5\support\msvc100\Debug\GLFW.dll" /INCREMENTAL /NOLOGO winmm.lib opengl32.lib kernel32.lib user32.lib gdi32.lib winspool.lib comdlg32.lib advapi32.lib shell32.lib ole32.lib oleaut32.lib uuid.lib odbc32.lib odbccp32.lib kernel32.lib user32.lib gdi32.lib winspool.lib comdlg32.lib advapi32.lib shell32.lib ole32.lib oleaut32.lib uuid.lib odbc32.lib odbccp32.lib /DEF:"F:\trol2\trol2\glfw-2.7.5\support\msvc100\\..\..\lib\win32\glfwdll.def" /MANIFEST /ManifestFile:"DebugDLL\GLFW.dll.intermediate.manifest" /MANIFESTUAC:"level='asInvoker' uiAccess='false'" /DEBUG /PDB:"F:\trol2\trol2\glfw-2.7.5\support\msvc100\Debug\GLFW.pdb" /SUBSYSTEM:WINDOWS /TLBID:1 /DYNAMICBASE /NXCOMPAT /IMPLIB:"F:\trol2\trol2\glfw-2.7.5\support\msvc100\Debug\GLFWDLL.lib" /MACHINE:X86 /DLL DebugDLL\GLFW.dll.embed.manifest.res
         DebugDLL\enable.obj
         DebugDLL\fullscreen.obj
         DebugDLL\glext.obj
         DebugDLL\image.obj
         DebugDLL\init.obj
         DebugDLL\input.obj
         DebugDLL\joystick.obj
         DebugDLL\stream.obj
         DebugDLL\tga.obj
         DebugDLL\thread.obj
         DebugDLL\time.obj
         DebugDLL\win32_dllmain.obj
         DebugDLL\win32_enable.obj
         DebugDLL\win32_fullscreen.obj
         DebugDLL\win32_glext.obj
         DebugDLL\win32_init.obj
         DebugDLL\win32_joystick.obj
         DebugDLL\win32_thread.obj
         DebugDLL\win32_time.obj
         DebugDLL\win32_window.obj
         DebugDLL\window.obj
            Creating library F:\trol2\trol2\glfw-2.7.5\support\msvc100\Debug\GLFWDLL.lib and object F:\trol2\trol2\glfw-2.7.5\support\msvc100\Debug\GLFWDLL.exp
       Manifest:
         C:\Program Files (x86)\Microsoft SDKs\Windows\v7.0A\bin\mt.exe /nologo /verbose /out:"DebugDLL\GLFW.dll.embed.manifest" /manifest DebugDLL\GLFW.dll.intermediate.manifest
         C:\Program Files (x86)\Microsoft SDKs\Windows\v7.0A\bin\rc.exe /nologo /fo"DebugDLL\GLFW.dll.embed.manifest.res" DebugDLL\GLFW_manifest.rc 
       LinkEmbedManifest:
         f:\Program Files (x86)\Microsoft Visual Studio 10.0\VC\bin\link.exe /ERRORREPORT:PROMPT /OUT:"F:\trol2\trol2\glfw-2.7.5\support\msvc100\Debug\GLFW.dll" /INCREMENTAL /NOLOGO winmm.lib opengl32.lib kernel32.lib user32.lib gdi32.lib winspool.lib comdlg32.lib advapi32.lib shell32.lib ole32.lib oleaut32.lib uuid.lib odbc32.lib odbccp32.lib kernel32.lib user32.lib gdi32.lib winspool.lib comdlg32.lib advapi32.lib shell32.lib ole32.lib oleaut32.lib uuid.lib odbc32.lib odbccp32.lib /DEF:"F:\trol2\trol2\glfw-2.7.5\support\msvc100\\..\..\lib\win32\glfwdll.def" /MANIFEST /ManifestFile:"DebugDLL\GLFW.dll.intermediate.manifest" /MANIFESTUAC:"level='asInvoker' uiAccess='false'" /DEBUG /PDB:"F:\trol2\trol2\glfw-2.7.5\support\msvc100\Debug\GLFW.pdb" /SUBSYSTEM:WINDOWS /TLBID:1 /DYNAMICBASE /NXCOMPAT /IMPLIB:"F:\trol2\trol2\glfw-2.7.5\support\msvc100\Debug\GLFWDLL.lib" /MACHINE:X86 /DLL DebugDLL\GLFW.dll.embed.manifest.res
         DebugDLL\enable.obj
         DebugDLL\fullscreen.obj
         DebugDLL\glext.obj
         DebugDLL\image.obj
         DebugDLL\init.obj
         DebugDLL\input.obj
         DebugDLL\joystick.obj
         DebugDLL\stream.obj
         DebugDLL\tga.obj
         DebugDLL\thread.obj
         DebugDLL\time.obj
         DebugDLL\win32_dllmain.obj
         DebugDLL\win32_enable.obj
         DebugDLL\win32_fullscreen.obj
         DebugDLL\win32_glext.obj
         DebugDLL\win32_init.obj
         DebugDLL\win32_joystick.obj
         DebugDLL\win32_thread.obj
         DebugDLL\win32_time.obj
         DebugDLL\win32_window.obj
         DebugDLL\window.obj
            Creating library F:\trol2\trol2\glfw-2.7.5\support\msvc100\Debug\GLFWDLL.lib and object F:\trol2\trol2\glfw-2.7.5\support\msvc100\Debug\GLFWDLL.exp
         GLFWDLL.vcxproj -> F:\trol2\trol2\glfw-2.7.5\support\msvc100\Debug\GLFW.dll
       FinalizeBuildStatus:
         Deleting file "DebugDLL\GLFWDLL.unsuccessfulbuild".
         Touching "DebugDLL\GLFWDLL.lastbuildstate".
     1>Done Building Project "F:\trol2\trol2\glfw-2.7.5\support\msvc100\GLFWDLL.vcxproj" (build target(s)).

Build succeeded.

Time Elapsed 00:00:07.57
